# JRE version: OpenJDK Runtime Environment Temurin-11.0.16+8 (11.0.16+8) (build 11.0.16+8)
# Java VM: OpenJDK 64-Bit Server VM Temurin-11.0.16+8 (11.0.16+8, mixed mode, tiered, compressed oops, g1 gc, windows-amd64)
Heap:
 garbage-first heap   total 98304K, used 6550K [0x00000000a1800000, 0x0000000100000000)
  region size 1024K, 3 young (3072K), 3 survivors (3072K)
 Metaspace       used 20750K, capacity 21083K, committed 21296K, reserved 1073152K
  class space    used 2194K, capacity 2326K, committed 2432K, reserved 1048576K
GC Heap History (8 events):
Event: 1.862 GC heap before
{Heap before GC invocations=0 (full 0):
 garbage-first heap   total 98304K, used 13312K [0x00000000a1800000, 0x0000000100000000)
  region size 1024K, 14 young (14336K), 0 survivors (0K)
 Metaspace       used 11554K, capacity 11776K, committed 11904K, reserved 1060864K
  class space    used 1069K, capacity 1139K, committed 1152K, reserved 1048576K
}
Event: 1.874 GC heap after
{Heap after GC invocations=1 (full 0):
 garbage-first heap   total 98304K, used 3441K [0x00000000a1800000, 0x0000000100000000)
  region size 1024K, 2 young (2048K), 2 survivors (2048K)
 Metaspace       used 11554K, capacity 11776K, committed 11904K, reserved 1060864K
  class space    used 1069K, capacity 1139K, committed 1152K, reserved 1048576K
}
Event: 2.164 GC heap before
{Heap before GC invocations=1 (full 0):
 garbage-first heap   total 98304K, used 9585K [0x00000000a1800000, 0x0000000100000000)
  region size 1024K, 8 young (8192K), 2 survivors (2048K)
 Metaspace       used 13273K, capacity 13580K, committed 13696K, reserved 1060864K
  class space    used 1291K, capacity 1399K, committed 1408K, reserved 1048576K
}
Event: 2.170 GC heap after
{Heap after GC invocations=2 (full 0):
 garbage-first heap   total 98304K, used 3882K [0x00000000a1800000, 0x0000000100000000)
  region size 1024K, 1 young (1024K), 1 survivors (1024K)
 Metaspace       used 13273K, capacity 13580K, committed 13696K, reserved 1060864K
  class space    used 1291K, capacity 1399K, committed 1408K, reserved 1048576K
}
Event: 2.780 GC heap before
{Heap before GC invocations=2 (full 0):
 garbage-first heap   total 98304K, used 27434K [0x00000000a1800000, 0x0000000100000000)
  region size 1024K, 24 young (24576K), 1 survivors (1024K)
 Metaspace       used 15378K, capacity 15634K, committed 15744K, reserved 1062912K
  class space    used 1550K, capacity 1631K, committed 1664K, reserved 1048576K
}
Event: 2.786 GC heap after
{Heap after GC invocations=3 (full 0):
 garbage-first heap   total 98304K, used 4641K [0x00000000a1800000, 0x0000000100000000)
  region size 1024K, 2 young (2048K), 2 survivors (2048K)
 Metaspace       used 15378K, capacity 15634K, committed 15744K, reserved 1062912K
  class space    used 1550K, capacity 1631K, committed 1664K, reserved 1048576K
}
Event: 3.935 GC heap before
{Heap before GC invocations=3 (full 0):
 garbage-first heap   total 98304K, used 36385K [0x00000000a1800000, 0x0000000100000000)
  region size 1024K, 34 young (34816K), 2 survivors (2048K)
 Metaspace       used 20750K, capacity 21083K, committed 21296K, reserved 1071104K
  class space    used 2194K, capacity 2326K, committed 2432K, reserved 1048576K
}
Event: 3.947 GC heap after
{Heap after GC invocations=4 (full 0):
 garbage-first heap   total 98304K, used 6550K [0x00000000a1800000, 0x0000000100000000)
  region size 1024K, 3 young (3072K), 3 survivors (3072K)
 Metaspace       used 20750K, capacity 21083K, committed 21296K, reserved 1071104K
  class space    used 2194K, capacity 2326K, committed 2432K, reserved 1048576K
}

