# JRE version: OpenJDK Runtime Environment Temurin-11.0.16+8 (11.0.16+8) (build 11.0.16+8)
# Java VM: OpenJDK 64-Bit Server VM Temurin-11.0.16+8 (11.0.16+8, mixed mode, tiered, compressed oops, g1 gc, windows-amd64)
Heap:
 garbage-first heap   total 98304K, used 5708K [0x00000000a1800000, 0x0000000100000000)
  region size 1024K, 2 young (2048K), 2 survivors (2048K)
 Metaspace       used 18124K, capacity 18387K, committed 18560K, reserved 1075200K
  class space    used 1926K, capacity 2056K, committed 2176K, reserved 1048576K
GC Heap History (6 events):
Event: 1.410 GC heap before
{Heap before GC invocations=0 (full 0):
 garbage-first heap   total 98304K, used 13312K [0x00000000a1800000, 0x0000000100000000)
  region size 1024K, 14 young (14336K), 0 survivors (0K)
 Metaspace       used 11572K, capacity 11808K, committed 12032K, reserved 1060864K
  class space    used 1073K, capacity 1171K, committed 1280K, reserved 1048576K
}
Event: 1.422 GC heap after
{Heap after GC invocations=1 (full 0):
 garbage-first heap   total 98304K, used 3486K [0x00000000a1800000, 0x0000000100000000)
  region size 1024K, 2 young (2048K), 2 survivors (2048K)
 Metaspace       used 11572K, capacity 11808K, committed 12032K, reserved 1060864K
  class space    used 1073K, capacity 1171K, committed 1280K, reserved 1048576K
}
Event: 1.726 GC heap before
{Heap before GC invocations=1 (full 0):
 garbage-first heap   total 98304K, used 9630K [0x00000000a1800000, 0x0000000100000000)
  region size 1024K, 8 young (8192K), 2 survivors (2048K)
 Metaspace       used 13309K, capacity 13580K, committed 13696K, reserved 1060864K
  class space    used 1294K, capacity 1399K, committed 1408K, reserved 1048576K
}
Event: 1.733 GC heap after
{Heap after GC invocations=2 (full 0):
 garbage-first heap   total 98304K, used 3992K [0x00000000a1800000, 0x0000000100000000)
  region size 1024K, 1 young (1024K), 1 survivors (1024K)
 Metaspace       used 13309K, capacity 13580K, committed 13696K, reserved 1060864K
  class space    used 1294K, capacity 1399K, committed 1408K, reserved 1048576K
}
Event: 2.243 GC heap before
{Heap before GC invocations=2 (full 0):
 garbage-first heap   total 98304K, used 26520K [0x00000000a1800000, 0x0000000100000000)
  region size 1024K, 23 young (23552K), 1 survivors (1024K)
 Metaspace       used 15158K, capacity 15404K, committed 15488K, reserved 1062912K
  class space    used 1525K, capacity 1597K, committed 1664K, reserved 1048576K
}
Event: 2.249 GC heap after
{Heap after GC invocations=3 (full 0):
 garbage-first heap   total 98304K, used 4684K [0x00000000a1800000, 0x0000000100000000)
  region size 1024K, 1 young (1024K), 1 survivors (1024K)
 Metaspace       used 15158K, capacity 15404K, committed 15488K, reserved 1062912K
  class space    used 1525K, capacity 1597K, committed 1664K, reserved 1048576K
}

